<?xml version="1.0" encoding="UTF-8"?>
<coverage generated="1754748225">
  <project timestamp="1754748225">
    <file name="/var/www/html/src/Calculator.php">
      <class name="App\Calculator" namespace="global">
        <metrics complexity="1" methods="1" coveredmethods="1" conditionals="0" coveredconditionals="0" statements="1" coveredstatements="1" elements="2" coveredelements="2"/>
      </class>
      <line num="7" type="method" name="add" visibility="public" complexity="1" crap="1" count="2"/>
      <line num="9" type="stmt" count="2"/>
      <metrics loc="12" ncloc="12" classes="1" methods="1" coveredmethods="1" conditionals="0" coveredconditionals="0" statements="1" coveredstatements="1" elements="2" coveredelements="2"/>
    </file>
    <metrics files="1" loc="12" ncloc="12" classes="1" methods="1" coveredmethods="1" conditionals="0" coveredconditionals="0" statements="1" coveredstatements="1" elements="2" coveredelements="2"/>
  </project>
</coverage>
